2023-05-07 21:39:21.728 +05:30 [INF] User profile is available. Using 'C:\Users\Swedha M\AppData\Local\ASP.NET\DataProtection-Keys' as key repository and Windows DPAPI to encrypt keys at rest.
2023-05-07 21:39:21.806 +05:30 [INF] Now listening on: http://localhost:5208
2023-05-07 21:39:21.811 +05:30 [INF] Application started. Press Ctrl+C to shut down.
2023-05-07 21:39:21.812 +05:30 [INF] Hosting environment: Development
2023-05-07 21:39:21.812 +05:30 [INF] Content root path: C:\Users\Swedha M\Desktop\LibraryManagementSystem
2023-05-07 21:39:27.792 +05:30 [INF] Request starting HTTP/1.1 GET http://localhost:5208/ - -
2023-05-07 21:39:27.801 +05:30 [WRN] Failed to determine the https port for redirect.
2023-05-07 21:39:28.014 +05:30 [INF] Executing endpoint 'LibraryManagementSystem.Controllers.HomeController.Index (LibraryManagementSystem)'
2023-05-07 21:39:28.044 +05:30 [INF] Route matched with {action = "Index", controller = "Home"}. Executing controller action with signature Microsoft.AspNetCore.Mvc.IActionResult Index() on controller LibraryManagementSystem.Controllers.HomeController (LibraryManagementSystem).
2023-05-07 21:39:28.077 +05:30 [INF] Executing ViewResult, running view Index.
2023-05-07 21:39:28.181 +05:30 [INF] Executed ViewResult - view Index executed in 112.5062ms.
2023-05-07 21:39:28.184 +05:30 [INF] Executed action LibraryManagementSystem.Controllers.HomeController.Index (LibraryManagementSystem) in 139.6721ms
2023-05-07 21:39:28.185 +05:30 [INF] Executed endpoint 'LibraryManagementSystem.Controllers.HomeController.Index (LibraryManagementSystem)'
2023-05-07 21:39:28.190 +05:30 [INF] Request finished HTTP/1.1 GET http://localhost:5208/ - - - 200 - text/html;+charset=utf-8 437.7616ms
2023-05-07 21:39:28.202 +05:30 [INF] Request starting HTTP/1.1 GET http://localhost:5208/LibraryManagementSystem.styles.css?v=Ur7zxOoX3AwdQVwUTwKQxOz8SBHc1Sp1b6WLIch-Qck - -
2023-05-07 21:39:28.236 +05:30 [INF] The file /LibraryManagementSystem.styles.css was not modified
2023-05-07 21:39:28.238 +05:30 [INF] Request finished HTTP/1.1 GET http://localhost:5208/LibraryManagementSystem.styles.css?v=Ur7zxOoX3AwdQVwUTwKQxOz8SBHc1Sp1b6WLIch-Qck - - - 304 - text/css 35.3499ms
2023-05-07 21:39:34.742 +05:30 [INF] Request starting HTTP/1.1 GET http://localhost:5208/Home/LoginPage - -
2023-05-07 21:39:34.754 +05:30 [INF] Executing endpoint 'LibraryManagementSystem.Controllers.HomeController.LoginPage (LibraryManagementSystem)'
2023-05-07 21:39:34.758 +05:30 [INF] Route matched with {action = "LoginPage", controller = "Home"}. Executing controller action with signature Microsoft.AspNetCore.Mvc.IActionResult LoginPage() on controller LibraryManagementSystem.Controllers.HomeController (LibraryManagementSystem).
2023-05-07 21:39:34.762 +05:30 [INF] Executing ViewResult, running view LoginPage.
2023-05-07 21:39:34.782 +05:30 [INF] Executed ViewResult - view LoginPage executed in 21.9013ms.
2023-05-07 21:39:34.782 +05:30 [INF] Executed action LibraryManagementSystem.Controllers.HomeController.LoginPage (LibraryManagementSystem) in 23.4344ms
2023-05-07 21:39:34.782 +05:30 [INF] Executed endpoint 'LibraryManagementSystem.Controllers.HomeController.LoginPage (LibraryManagementSystem)'
2023-05-07 21:39:34.783 +05:30 [INF] Request finished HTTP/1.1 GET http://localhost:5208/Home/LoginPage - - - 200 - text/html;+charset=utf-8 41.3639ms
2023-05-07 21:39:36.519 +05:30 [INF] Request starting HTTP/1.1 GET http://localhost:5208/Login/AdminLogin - -
2023-05-07 21:39:36.535 +05:30 [INF] Executing endpoint 'LibraryManagementSystem.Controllers.LoginController.AdminLogin (LibraryManagementSystem)'
2023-05-07 21:39:36.539 +05:30 [INF] Route matched with {action = "AdminLogin", controller = "Login"}. Executing controller action with signature Microsoft.AspNetCore.Mvc.IActionResult AdminLogin() on controller LibraryManagementSystem.Controllers.LoginController (LibraryManagementSystem).
2023-05-07 21:39:36.894 +05:30 [INF] Executing ViewResult, running view AdminLogin.
2023-05-07 21:39:36.979 +05:30 [INF] Executed ViewResult - view AdminLogin executed in 86.637ms.
2023-05-07 21:39:36.980 +05:30 [INF] Executed action LibraryManagementSystem.Controllers.LoginController.AdminLogin (LibraryManagementSystem) in 440.4764ms
2023-05-07 21:39:36.980 +05:30 [INF] Executed endpoint 'LibraryManagementSystem.Controllers.LoginController.AdminLogin (LibraryManagementSystem)'
2023-05-07 21:39:36.983 +05:30 [INF] Request finished HTTP/1.1 GET http://localhost:5208/Login/AdminLogin - - - 200 - text/html;+charset=utf-8 464.6243ms
2023-05-07 21:39:37.000 +05:30 [INF] Request starting HTTP/1.1 GET http://localhost:5208/Login/fonts/material-icon/css/material-design-iconic-font.min.css - -
2023-05-07 21:39:37.000 +05:30 [INF] Request starting HTTP/1.1 GET http://localhost:5208/Login/css/style.css - -
2023-05-07 21:39:37.008 +05:30 [INF] Request finished HTTP/1.1 GET http://localhost:5208/Login/fonts/material-icon/css/material-design-iconic-font.min.css - - - 404 0 - 8.0588ms
2023-05-07 21:39:37.008 +05:30 [INF] Request finished HTTP/1.1 GET http://localhost:5208/Login/css/style.css - - - 404 0 - 7.9895ms
2023-05-07 21:39:37.013 +05:30 [INF] Request starting HTTP/1.1 GET http://localhost:5208/Login/vendor/jquery/jquery.min.js - -
2023-05-07 21:39:37.013 +05:30 [INF] Request starting HTTP/1.1 GET http://localhost:5208/Login/js/main.js - -
2023-05-07 21:39:37.014 +05:30 [INF] Request finished HTTP/1.1 GET http://localhost:5208/Login/vendor/jquery/jquery.min.js - - - 404 0 - 1.3051ms
2023-05-07 21:39:37.014 +05:30 [INF] Request finished HTTP/1.1 GET http://localhost:5208/Login/js/main.js - - - 404 0 - 1.3269ms
2023-05-07 21:39:37.081 +05:30 [INF] Request starting HTTP/1.1 GET http://localhost:5208/fonts/poppins/poppins-v5-latin-700.woff2 - -
2023-05-07 21:39:37.082 +05:30 [INF] Request finished HTTP/1.1 GET http://localhost:5208/fonts/poppins/poppins-v5-latin-700.woff2 - - - 404 0 - 1.3644ms
2023-05-07 21:39:37.107 +05:30 [INF] Request starting HTTP/1.1 GET http://localhost:5208/fonts/poppins/poppins-v5-latin-700.woff - -
2023-05-07 21:39:37.108 +05:30 [INF] Request finished HTTP/1.1 GET http://localhost:5208/fonts/poppins/poppins-v5-latin-700.woff - - - 404 0 - 1.2311ms
2023-05-07 21:39:37.115 +05:30 [INF] Request starting HTTP/1.1 GET http://localhost:5208/fonts/poppins/poppins-v5-latin-700.ttf - -
2023-05-07 21:39:37.116 +05:30 [INF] Request finished HTTP/1.1 GET http://localhost:5208/fonts/poppins/poppins-v5-latin-700.ttf - - - 404 0 - 1.4508ms
2023-05-07 21:39:39.169 +05:30 [INF] Request starting HTTP/1.1 GET http://localhost:5208/Account/ForgotPassword - -
2023-05-07 21:39:39.170 +05:30 [INF] Executing endpoint 'AccountController.ForgotPassword (LibraryManagementSystem)'
2023-05-07 21:39:39.173 +05:30 [INF] Route matched with {action = "ForgotPassword", controller = "Account"}. Executing controller action with signature Microsoft.AspNetCore.Mvc.IActionResult ForgotPassword() on controller AccountController (LibraryManagementSystem).
2023-05-07 21:39:39.189 +05:30 [INF] Executing ViewResult, running view ForgotPassword.
2023-05-07 21:39:39.209 +05:30 [INF] Executed ViewResult - view ForgotPassword executed in 20.7791ms.
2023-05-07 21:39:39.209 +05:30 [INF] Executed action AccountController.ForgotPassword (LibraryManagementSystem) in 35.6716ms
2023-05-07 21:39:39.209 +05:30 [INF] Executed endpoint 'AccountController.ForgotPassword (LibraryManagementSystem)'
2023-05-07 21:39:39.209 +05:30 [INF] Request finished HTTP/1.1 GET http://localhost:5208/Account/ForgotPassword - - - 200 - text/html;+charset=utf-8 40.2104ms
2023-05-07 21:39:43.634 +05:30 [INF] Request starting HTTP/1.1 POST http://localhost:5208/Account/ForgotPassword application/x-www-form-urlencoded 217
2023-05-07 21:39:43.637 +05:30 [INF] Executing endpoint 'AccountController.ForgotPassword (LibraryManagementSystem)'
2023-05-07 21:39:43.696 +05:30 [INF] Route matched with {action = "ForgotPassword", controller = "Account"}. Executing controller action with signature System.Threading.Tasks.Task`1[Microsoft.AspNetCore.Mvc.IActionResult] ForgotPassword(LibraryManagementSystem.Models.SignupViewModel) on controller AccountController (LibraryManagementSystem).
2023-05-07 21:39:43.773 +05:30 [INF] Start processing HTTP request POST http://localhost:5285/ForgotPassword
2023-05-07 21:39:43.775 +05:30 [INF] Sending HTTP request POST http://localhost:5285/ForgotPassword
2023-05-07 21:39:44.466 +05:30 [INF] Received HTTP response headers after 680.6578ms - 400
2023-05-07 21:39:44.469 +05:30 [INF] End processing HTTP request after 706.4096ms - 400
2023-05-07 21:39:44.487 +05:30 [INF] Executing ViewResult, running view ForgotPassword.
2023-05-07 21:39:44.490 +05:30 [INF] Executed ViewResult - view ForgotPassword executed in 3.5582ms.
2023-05-07 21:39:44.492 +05:30 [INF] Executed action AccountController.ForgotPassword (LibraryManagementSystem) in 795.5093ms
2023-05-07 21:39:44.493 +05:30 [INF] Executed endpoint 'AccountController.ForgotPassword (LibraryManagementSystem)'
2023-05-07 21:39:44.507 +05:30 [INF] Request finished HTTP/1.1 POST http://localhost:5208/Account/ForgotPassword application/x-www-form-urlencoded 217 - 200 - text/html;+charset=utf-8 872.4812ms
2023-05-07 21:49:48.873 +05:30 [INF] Application is shutting down...
2023-05-07 21:50:00.059 +05:30 [INF] User profile is available. Using 'C:\Users\Swedha M\AppData\Local\ASP.NET\DataProtection-Keys' as key repository and Windows DPAPI to encrypt keys at rest.
2023-05-07 21:50:00.322 +05:30 [INF] Now listening on: http://localhost:5208
2023-05-07 21:50:00.329 +05:30 [INF] Application started. Press Ctrl+C to shut down.
2023-05-07 21:50:00.331 +05:30 [INF] Hosting environment: Development
2023-05-07 21:50:00.331 +05:30 [INF] Content root path: C:\Users\Swedha M\Desktop\LibraryManagementSystem
2023-05-07 21:50:05.661 +05:30 [INF] Request starting HTTP/1.1 GET http://localhost:5208/ - -
2023-05-07 21:50:05.666 +05:30 [WRN] Failed to determine the https port for redirect.
2023-05-07 21:50:05.739 +05:30 [INF] Executing endpoint 'LibraryManagementSystem.Controllers.HomeController.Index (LibraryManagementSystem)'
2023-05-07 21:50:05.751 +05:30 [INF] Route matched with {action = "Index", controller = "Home"}. Executing controller action with signature Microsoft.AspNetCore.Mvc.IActionResult Index() on controller LibraryManagementSystem.Controllers.HomeController (LibraryManagementSystem).
2023-05-07 21:50:05.769 +05:30 [INF] Executing ViewResult, running view Index.
2023-05-07 21:50:05.863 +05:30 [INF] Executed ViewResult - view Index executed in 101.9213ms.
2023-05-07 21:50:05.864 +05:30 [INF] Executed action LibraryManagementSystem.Controllers.HomeController.Index (LibraryManagementSystem) in 112.6901ms
2023-05-07 21:50:05.864 +05:30 [INF] Executed endpoint 'LibraryManagementSystem.Controllers.HomeController.Index (LibraryManagementSystem)'
2023-05-07 21:50:05.867 +05:30 [INF] Request finished HTTP/1.1 GET http://localhost:5208/ - - - 200 - text/html;+charset=utf-8 209.2348ms
2023-05-07 21:50:09.956 +05:30 [INF] Request starting HTTP/1.1 GET http://localhost:5208/Home/LoginPage - -
2023-05-07 21:50:09.964 +05:30 [INF] Executing endpoint 'LibraryManagementSystem.Controllers.HomeController.LoginPage (LibraryManagementSystem)'
2023-05-07 21:50:09.966 +05:30 [INF] Route matched with {action = "LoginPage", controller = "Home"}. Executing controller action with signature Microsoft.AspNetCore.Mvc.IActionResult LoginPage() on controller LibraryManagementSystem.Controllers.HomeController (LibraryManagementSystem).
2023-05-07 21:50:09.968 +05:30 [INF] Executing ViewResult, running view LoginPage.
2023-05-07 21:50:09.976 +05:30 [INF] Executed ViewResult - view LoginPage executed in 8.914ms.
2023-05-07 21:50:09.976 +05:30 [INF] Executed action LibraryManagementSystem.Controllers.HomeController.LoginPage (LibraryManagementSystem) in 9.6276ms
2023-05-07 21:50:09.976 +05:30 [INF] Executed endpoint 'LibraryManagementSystem.Controllers.HomeController.LoginPage (LibraryManagementSystem)'
2023-05-07 21:50:09.976 +05:30 [INF] Request finished HTTP/1.1 GET http://localhost:5208/Home/LoginPage - - - 200 - text/html;+charset=utf-8 20.7007ms
2023-05-07 21:50:11.720 +05:30 [INF] Request starting HTTP/1.1 GET http://localhost:5208/Login/AdminLogin - -
2023-05-07 21:50:11.726 +05:30 [INF] Executing endpoint 'LibraryManagementSystem.Controllers.LoginController.AdminLogin (LibraryManagementSystem)'
2023-05-07 21:50:11.727 +05:30 [INF] Route matched with {action = "AdminLogin", controller = "Login"}. Executing controller action with signature Microsoft.AspNetCore.Mvc.IActionResult AdminLogin() on controller LibraryManagementSystem.Controllers.LoginController (LibraryManagementSystem).
2023-05-07 21:50:11.823 +05:30 [INF] Executing ViewResult, running view AdminLogin.
2023-05-07 21:50:11.857 +05:30 [INF] Executed ViewResult - view AdminLogin executed in 33.949ms.
2023-05-07 21:50:11.857 +05:30 [INF] Executed action LibraryManagementSystem.Controllers.LoginController.AdminLogin (LibraryManagementSystem) in 128.7508ms
2023-05-07 21:50:11.857 +05:30 [INF] Executed endpoint 'LibraryManagementSystem.Controllers.LoginController.AdminLogin (LibraryManagementSystem)'
2023-05-07 21:50:11.859 +05:30 [INF] Request finished HTTP/1.1 GET http://localhost:5208/Login/AdminLogin - - - 200 - text/html;+charset=utf-8 138.2688ms
2023-05-07 21:50:11.867 +05:30 [INF] Request starting HTTP/1.1 GET http://localhost:5208/Login/css/style.css - -
2023-05-07 21:50:11.867 +05:30 [INF] Request starting HTTP/1.1 GET http://localhost:5208/Login/fonts/material-icon/css/material-design-iconic-font.min.css - -
2023-05-07 21:50:11.870 +05:30 [INF] Request finished HTTP/1.1 GET http://localhost:5208/Login/css/style.css - - - 404 0 - 3.5891ms
2023-05-07 21:50:11.870 +05:30 [INF] Request finished HTTP/1.1 GET http://localhost:5208/Login/fonts/material-icon/css/material-design-iconic-font.min.css - - - 404 0 - 3.4941ms
2023-05-07 21:50:11.875 +05:30 [INF] Request starting HTTP/1.1 GET http://localhost:5208/Login/vendor/jquery/jquery.min.js - -
2023-05-07 21:50:11.875 +05:30 [INF] Request starting HTTP/1.1 GET http://localhost:5208/Login/js/main.js - -
2023-05-07 21:50:11.877 +05:30 [INF] Request finished HTTP/1.1 GET http://localhost:5208/Login/vendor/jquery/jquery.min.js - - - 404 0 - 1.1194ms
2023-05-07 21:50:11.877 +05:30 [INF] Request finished HTTP/1.1 GET http://localhost:5208/Login/js/main.js - - - 404 0 - 1.1195ms
2023-05-07 21:50:11.919 +05:30 [INF] Request starting HTTP/1.1 GET http://localhost:5208/fonts/poppins/poppins-v5-latin-700.woff2 - -
2023-05-07 21:50:11.920 +05:30 [INF] Request finished HTTP/1.1 GET http://localhost:5208/fonts/poppins/poppins-v5-latin-700.woff2 - - - 404 0 - 1.0909ms
2023-05-07 21:50:11.943 +05:30 [INF] Request starting HTTP/1.1 GET http://localhost:5208/fonts/poppins/poppins-v5-latin-700.woff - -
2023-05-07 21:50:11.948 +05:30 [INF] Request finished HTTP/1.1 GET http://localhost:5208/fonts/poppins/poppins-v5-latin-700.woff - - - 404 0 - 4.3293ms
2023-05-07 21:50:11.955 +05:30 [INF] Request starting HTTP/1.1 GET http://localhost:5208/fonts/poppins/poppins-v5-latin-700.ttf - -
2023-05-07 21:50:11.957 +05:30 [INF] Request finished HTTP/1.1 GET http://localhost:5208/fonts/poppins/poppins-v5-latin-700.ttf - - - 404 0 - 1.1560ms
2023-05-07 21:50:13.800 +05:30 [INF] Request starting HTTP/1.1 GET http://localhost:5208/Account/ForgotPassword - -
2023-05-07 21:50:13.800 +05:30 [INF] Executing endpoint 'AccountController.ForgotPassword (LibraryManagementSystem)'
2023-05-07 21:50:13.802 +05:30 [INF] Route matched with {action = "ForgotPassword", controller = "Account"}. Executing controller action with signature Microsoft.AspNetCore.Mvc.IActionResult ForgotPassword() on controller AccountController (LibraryManagementSystem).
2023-05-07 21:50:13.808 +05:30 [INF] Executing ViewResult, running view ForgotPassword.
2023-05-07 21:50:13.819 +05:30 [INF] Executed ViewResult - view ForgotPassword executed in 12.0408ms.
2023-05-07 21:50:13.819 +05:30 [INF] Executed action AccountController.ForgotPassword (LibraryManagementSystem) in 17.2086ms
2023-05-07 21:50:13.819 +05:30 [INF] Executed endpoint 'AccountController.ForgotPassword (LibraryManagementSystem)'
2023-05-07 21:50:13.819 +05:30 [INF] Request finished HTTP/1.1 GET http://localhost:5208/Account/ForgotPassword - - - 200 - text/html;+charset=utf-8 19.6172ms
2023-05-07 21:50:18.108 +05:30 [INF] Request starting HTTP/1.1 POST http://localhost:5208/Account/ForgotPassword application/x-www-form-urlencoded 217
2023-05-07 21:50:18.111 +05:30 [INF] Executing endpoint 'AccountController.ForgotPassword (LibraryManagementSystem)'
2023-05-07 21:50:18.150 +05:30 [INF] Route matched with {action = "ForgotPassword", controller = "Account"}. Executing controller action with signature System.Threading.Tasks.Task`1[Microsoft.AspNetCore.Mvc.IActionResult] ForgotPassword(LibraryManagementSystem.Models.SignupViewModel) on controller AccountController (LibraryManagementSystem).
2023-05-07 21:50:18.223 +05:30 [INF] Start processing HTTP request POST http://localhost:5285/signup/forgotpassword
2023-05-07 21:50:18.224 +05:30 [INF] Sending HTTP request POST http://localhost:5285/signup/forgotpassword
2023-05-07 21:50:18.472 +05:30 [INF] Received HTTP response headers after 237.6912ms - 400
2023-05-07 21:50:18.475 +05:30 [INF] End processing HTTP request after 255.6486ms - 400
2023-05-07 21:50:18.495 +05:30 [INF] Executing ViewResult, running view ForgotPassword.
2023-05-07 21:50:18.499 +05:30 [INF] Executed ViewResult - view ForgotPassword executed in 4.0618ms.
2023-05-07 21:50:18.502 +05:30 [INF] Executed action AccountController.ForgotPassword (LibraryManagementSystem) in 351.0347ms
2023-05-07 21:50:18.503 +05:30 [INF] Executed endpoint 'AccountController.ForgotPassword (LibraryManagementSystem)'
2023-05-07 21:50:18.506 +05:30 [INF] Request finished HTTP/1.1 POST http://localhost:5208/Account/ForgotPassword application/x-www-form-urlencoded 217 - 200 - text/html;+charset=utf-8 398.0110ms
2023-05-07 21:58:02.367 +05:30 [INF] Application is shutting down...
2023-05-07 21:58:09.180 +05:30 [INF] User profile is available. Using 'C:\Users\Swedha M\AppData\Local\ASP.NET\DataProtection-Keys' as key repository and Windows DPAPI to encrypt keys at rest.
2023-05-07 21:58:09.303 +05:30 [INF] Now listening on: http://localhost:5208
2023-05-07 21:58:09.305 +05:30 [INF] Application started. Press Ctrl+C to shut down.
2023-05-07 21:58:09.306 +05:30 [INF] Hosting environment: Development
2023-05-07 21:58:09.306 +05:30 [INF] Content root path: C:\Users\Swedha M\Desktop\LibraryManagementSystem
2023-05-07 21:58:13.116 +05:30 [INF] Request starting HTTP/1.1 GET http://localhost:5208/ - -
2023-05-07 21:58:13.127 +05:30 [WRN] Failed to determine the https port for redirect.
2023-05-07 21:58:13.242 +05:30 [INF] Executing endpoint 'LibraryManagementSystem.Controllers.HomeController.Index (LibraryManagementSystem)'
2023-05-07 21:58:13.270 +05:30 [INF] Route matched with {action = "Index", controller = "Home"}. Executing controller action with signature Microsoft.AspNetCore.Mvc.IActionResult Index() on controller LibraryManagementSystem.Controllers.HomeController (LibraryManagementSystem).
2023-05-07 21:58:13.288 +05:30 [INF] Executing ViewResult, running view Index.
2023-05-07 21:58:13.382 +05:30 [INF] Executed ViewResult - view Index executed in 95.4518ms.
2023-05-07 21:58:13.385 +05:30 [INF] Executed action LibraryManagementSystem.Controllers.HomeController.Index (LibraryManagementSystem) in 114.2511ms
2023-05-07 21:58:13.386 +05:30 [INF] Executed endpoint 'LibraryManagementSystem.Controllers.HomeController.Index (LibraryManagementSystem)'
2023-05-07 21:58:13.393 +05:30 [INF] Request finished HTTP/1.1 GET http://localhost:5208/ - - - 200 - text/html;+charset=utf-8 278.4283ms
2023-05-07 21:58:15.160 +05:30 [INF] Request starting HTTP/1.1 GET http://localhost:5208/Home/LoginPage - -
2023-05-07 21:58:15.170 +05:30 [INF] Executing endpoint 'LibraryManagementSystem.Controllers.HomeController.LoginPage (LibraryManagementSystem)'
2023-05-07 21:58:15.173 +05:30 [INF] Route matched with {action = "LoginPage", controller = "Home"}. Executing controller action with signature Microsoft.AspNetCore.Mvc.IActionResult LoginPage() on controller LibraryManagementSystem.Controllers.HomeController (LibraryManagementSystem).
2023-05-07 21:58:15.175 +05:30 [INF] Executing ViewResult, running view LoginPage.
2023-05-07 21:58:15.193 +05:30 [INF] Executed ViewResult - view LoginPage executed in 19.1033ms.
2023-05-07 21:58:15.193 +05:30 [INF] Executed action LibraryManagementSystem.Controllers.HomeController.LoginPage (LibraryManagementSystem) in 20.5769ms
2023-05-07 21:58:15.193 +05:30 [INF] Executed endpoint 'LibraryManagementSystem.Controllers.HomeController.LoginPage (LibraryManagementSystem)'
2023-05-07 21:58:15.194 +05:30 [INF] Request finished HTTP/1.1 GET http://localhost:5208/Home/LoginPage - - - 200 - text/html;+charset=utf-8 34.1773ms
2023-05-07 21:58:18.342 +05:30 [INF] Request starting HTTP/1.1 GET http://localhost:5208/Login/AdminLogin - -
2023-05-07 21:58:18.352 +05:30 [INF] Executing endpoint 'LibraryManagementSystem.Controllers.LoginController.AdminLogin (LibraryManagementSystem)'
2023-05-07 21:58:18.355 +05:30 [INF] Route matched with {action = "AdminLogin", controller = "Login"}. Executing controller action with signature Microsoft.AspNetCore.Mvc.IActionResult AdminLogin() on controller LibraryManagementSystem.Controllers.LoginController (LibraryManagementSystem).
2023-05-07 21:58:18.669 +05:30 [INF] Executing ViewResult, running view AdminLogin.
2023-05-07 21:58:18.732 +05:30 [INF] Executed ViewResult - view AdminLogin executed in 64.1487ms.
2023-05-07 21:58:18.732 +05:30 [INF] Executed action LibraryManagementSystem.Controllers.LoginController.AdminLogin (LibraryManagementSystem) in 377.3397ms
2023-05-07 21:58:18.732 +05:30 [INF] Executed endpoint 'LibraryManagementSystem.Controllers.LoginController.AdminLogin (LibraryManagementSystem)'
2023-05-07 21:58:18.736 +05:30 [INF] Request finished HTTP/1.1 GET http://localhost:5208/Login/AdminLogin - - - 200 - text/html;+charset=utf-8 393.8561ms
2023-05-07 21:58:18.742 +05:30 [INF] Request starting HTTP/1.1 GET http://localhost:5208/Login/fonts/material-icon/css/material-design-iconic-font.min.css - -
2023-05-07 21:58:18.742 +05:30 [INF] Request starting HTTP/1.1 GET http://localhost:5208/Login/css/style.css - -
2023-05-07 21:58:18.746 +05:30 [INF] Request finished HTTP/1.1 GET http://localhost:5208/Login/css/style.css - - - 404 0 - 4.1819ms
2023-05-07 21:58:18.746 +05:30 [INF] Request finished HTTP/1.1 GET http://localhost:5208/Login/fonts/material-icon/css/material-design-iconic-font.min.css - - - 404 0 - 4.1720ms
2023-05-07 21:58:18.750 +05:30 [INF] Request starting HTTP/1.1 GET http://localhost:5208/Login/vendor/jquery/jquery.min.js - -
2023-05-07 21:58:18.750 +05:30 [INF] Request starting HTTP/1.1 GET http://localhost:5208/Login/js/main.js - -
2023-05-07 21:58:18.751 +05:30 [INF] Request finished HTTP/1.1 GET http://localhost:5208/Login/js/main.js - - - 404 0 - 1.3473ms
2023-05-07 21:58:18.751 +05:30 [INF] Request finished HTTP/1.1 GET http://localhost:5208/Login/vendor/jquery/jquery.min.js - - - 404 0 - 1.4596ms
2023-05-07 21:58:18.796 +05:30 [INF] Request starting HTTP/1.1 GET http://localhost:5208/fonts/poppins/poppins-v5-latin-700.woff2 - -
2023-05-07 21:58:18.798 +05:30 [INF] Request finished HTTP/1.1 GET http://localhost:5208/fonts/poppins/poppins-v5-latin-700.woff2 - - - 404 0 - 1.8608ms
2023-05-07 21:58:18.803 +05:30 [INF] Request starting HTTP/1.1 GET http://localhost:5208/fonts/poppins/poppins-v5-latin-700.woff - -
2023-05-07 21:58:18.804 +05:30 [INF] Request finished HTTP/1.1 GET http://localhost:5208/fonts/poppins/poppins-v5-latin-700.woff - - - 404 0 - 1.3637ms
2023-05-07 21:58:18.810 +05:30 [INF] Request starting HTTP/1.1 GET http://localhost:5208/fonts/poppins/poppins-v5-latin-700.ttf - -
2023-05-07 21:58:18.811 +05:30 [INF] Request finished HTTP/1.1 GET http://localhost:5208/fonts/poppins/poppins-v5-latin-700.ttf - - - 404 0 - 1.0413ms
2023-05-07 21:58:20.519 +05:30 [INF] Request starting HTTP/1.1 GET http://localhost:5208/Account/ForgotPassword - -
2023-05-07 21:58:20.520 +05:30 [INF] Executing endpoint 'AccountController.ForgotPassword (LibraryManagementSystem)'
2023-05-07 21:58:20.522 +05:30 [INF] Route matched with {action = "ForgotPassword", controller = "Account"}. Executing controller action with signature Microsoft.AspNetCore.Mvc.IActionResult ForgotPassword() on controller AccountController (LibraryManagementSystem).
2023-05-07 21:58:20.534 +05:30 [INF] Executing ViewResult, running view ForgotPassword.
2023-05-07 21:58:20.561 +05:30 [INF] Executed ViewResult - view ForgotPassword executed in 29.1273ms.
2023-05-07 21:58:20.561 +05:30 [INF] Executed action AccountController.ForgotPassword (LibraryManagementSystem) in 38.5842ms
2023-05-07 21:58:20.561 +05:30 [INF] Executed endpoint 'AccountController.ForgotPassword (LibraryManagementSystem)'
2023-05-07 21:58:20.561 +05:30 [INF] Request finished HTTP/1.1 GET http://localhost:5208/Account/ForgotPassword - - - 200 - text/html;+charset=utf-8 42.5179ms
2023-05-07 21:58:25.520 +05:30 [INF] Request starting HTTP/1.1 POST http://localhost:5208/Account/ForgotPassword application/x-www-form-urlencoded 217
2023-05-07 21:58:25.522 +05:30 [INF] Executing endpoint 'AccountController.ForgotPassword (LibraryManagementSystem)'
2023-05-07 21:58:25.574 +05:30 [INF] Route matched with {action = "ForgotPassword", controller = "Account"}. Executing controller action with signature System.Threading.Tasks.Task`1[Microsoft.AspNetCore.Mvc.IActionResult] ForgotPassword(LibraryManagementSystem.Models.SignupViewModel) on controller AccountController (LibraryManagementSystem).
2023-05-07 21:58:25.641 +05:30 [INF] Start processing HTTP request POST http://localhost:5285/signup/forgotpassword
2023-05-07 21:58:25.643 +05:30 [INF] Sending HTTP request POST http://localhost:5285/signup/forgotpassword
2023-05-07 21:58:26.504 +05:30 [INF] Received HTTP response headers after 848.8687ms - 400
2023-05-07 21:58:26.505 +05:30 [INF] End processing HTTP request after 876.6882ms - 400
2023-05-07 21:58:26.522 +05:30 [INF] Executing ViewResult, running view ForgotPassword.
2023-05-07 21:58:26.528 +05:30 [INF] Executed ViewResult - view ForgotPassword executed in 6.8068ms.
2023-05-07 21:58:26.530 +05:30 [INF] Executed action AccountController.ForgotPassword (LibraryManagementSystem) in 955.8064ms
2023-05-07 21:58:26.531 +05:30 [INF] Executed endpoint 'AccountController.ForgotPassword (LibraryManagementSystem)'
2023-05-07 21:58:26.545 +05:30 [INF] Request finished HTTP/1.1 POST http://localhost:5208/Account/ForgotPassword application/x-www-form-urlencoded 217 - 200 - text/html;+charset=utf-8 1024.8880ms
2023-05-07 22:01:15.428 +05:30 [INF] Application is shutting down...
2023-05-07 22:01:20.769 +05:30 [INF] User profile is available. Using 'C:\Users\Swedha M\AppData\Local\ASP.NET\DataProtection-Keys' as key repository and Windows DPAPI to encrypt keys at rest.
2023-05-07 22:01:20.871 +05:30 [INF] Now listening on: http://localhost:5208
2023-05-07 22:01:20.874 +05:30 [INF] Application started. Press Ctrl+C to shut down.
2023-05-07 22:01:20.874 +05:30 [INF] Hosting environment: Development
2023-05-07 22:01:20.874 +05:30 [INF] Content root path: C:\Users\Swedha M\Desktop\LibraryManagementSystem
2023-05-07 22:01:25.504 +05:30 [INF] Request starting HTTP/1.1 GET http://localhost:5208/ - -
2023-05-07 22:01:25.514 +05:30 [WRN] Failed to determine the https port for redirect.
2023-05-07 22:01:25.586 +05:30 [INF] Executing endpoint 'LibraryManagementSystem.Controllers.HomeController.Index (LibraryManagementSystem)'
2023-05-07 22:01:25.601 +05:30 [INF] Route matched with {action = "Index", controller = "Home"}. Executing controller action with signature Microsoft.AspNetCore.Mvc.IActionResult Index() on controller LibraryManagementSystem.Controllers.HomeController (LibraryManagementSystem).
2023-05-07 22:01:25.617 +05:30 [INF] Executing ViewResult, running view Index.
2023-05-07 22:01:25.705 +05:30 [INF] Executed ViewResult - view Index executed in 88.5464ms.
2023-05-07 22:01:25.707 +05:30 [INF] Executed action LibraryManagementSystem.Controllers.HomeController.Index (LibraryManagementSystem) in 104.7344ms
2023-05-07 22:01:25.707 +05:30 [INF] Executed endpoint 'LibraryManagementSystem.Controllers.HomeController.Index (LibraryManagementSystem)'
2023-05-07 22:01:25.714 +05:30 [INF] Request finished HTTP/1.1 GET http://localhost:5208/ - - - 200 - text/html;+charset=utf-8 210.4592ms
2023-05-07 22:01:31.965 +05:30 [INF] Request starting HTTP/1.1 GET http://localhost:5208/Home/LoginPage - -
2023-05-07 22:01:31.980 +05:30 [INF] Executing endpoint 'LibraryManagementSystem.Controllers.HomeController.LoginPage (LibraryManagementSystem)'
2023-05-07 22:01:31.983 +05:30 [INF] Route matched with {action = "LoginPage", controller = "Home"}. Executing controller action with signature Microsoft.AspNetCore.Mvc.IActionResult LoginPage() on controller LibraryManagementSystem.Controllers.HomeController (LibraryManagementSystem).
2023-05-07 22:01:31.987 +05:30 [INF] Executing ViewResult, running view LoginPage.
2023-05-07 22:01:32.012 +05:30 [INF] Executed ViewResult - view LoginPage executed in 27.3162ms.
2023-05-07 22:01:32.013 +05:30 [INF] Executed action LibraryManagementSystem.Controllers.HomeController.LoginPage (LibraryManagementSystem) in 29.3757ms
2023-05-07 22:01:32.013 +05:30 [INF] Executed endpoint 'LibraryManagementSystem.Controllers.HomeController.LoginPage (LibraryManagementSystem)'
2023-05-07 22:01:32.013 +05:30 [INF] Request finished HTTP/1.1 GET http://localhost:5208/Home/LoginPage - - - 200 - text/html;+charset=utf-8 48.3731ms
2023-05-07 22:01:33.849 +05:30 [INF] Request starting HTTP/1.1 GET http://localhost:5208/Login/AdminLogin - -
2023-05-07 22:01:33.862 +05:30 [INF] Executing endpoint 'LibraryManagementSystem.Controllers.LoginController.AdminLogin (LibraryManagementSystem)'
2023-05-07 22:01:33.864 +05:30 [INF] Route matched with {action = "AdminLogin", controller = "Login"}. Executing controller action with signature Microsoft.AspNetCore.Mvc.IActionResult AdminLogin() on controller LibraryManagementSystem.Controllers.LoginController (LibraryManagementSystem).
2023-05-07 22:01:34.066 +05:30 [INF] Executing ViewResult, running view AdminLogin.
2023-05-07 22:01:34.136 +05:30 [INF] Executed ViewResult - view AdminLogin executed in 70.6732ms.
2023-05-07 22:01:34.136 +05:30 [INF] Executed action LibraryManagementSystem.Controllers.LoginController.AdminLogin (LibraryManagementSystem) in 271.9925ms
2023-05-07 22:01:34.136 +05:30 [INF] Executed endpoint 'LibraryManagementSystem.Controllers.LoginController.AdminLogin (LibraryManagementSystem)'
2023-05-07 22:01:34.139 +05:30 [INF] Request finished HTTP/1.1 GET http://localhost:5208/Login/AdminLogin - - - 200 - text/html;+charset=utf-8 290.0613ms
2023-05-07 22:01:34.150 +05:30 [INF] Request starting HTTP/1.1 GET http://localhost:5208/Login/fonts/material-icon/css/material-design-iconic-font.min.css - -
2023-05-07 22:01:34.150 +05:30 [INF] Request starting HTTP/1.1 GET http://localhost:5208/Login/css/style.css - -
2023-05-07 22:01:34.156 +05:30 [INF] Request finished HTTP/1.1 GET http://localhost:5208/Login/fonts/material-icon/css/material-design-iconic-font.min.css - - - 404 0 - 5.4760ms
2023-05-07 22:01:34.156 +05:30 [INF] Request finished HTTP/1.1 GET http://localhost:5208/Login/css/style.css - - - 404 0 - 5.4592ms
2023-05-07 22:01:34.158 +05:30 [INF] Request starting HTTP/1.1 GET http://localhost:5208/Login/vendor/jquery/jquery.min.js - -
2023-05-07 22:01:34.158 +05:30 [INF] Request starting HTTP/1.1 GET http://localhost:5208/Login/js/main.js - -
2023-05-07 22:01:34.158 +05:30 [INF] Request finished HTTP/1.1 GET http://localhost:5208/Login/js/main.js - - - 404 0 - 0.8790ms
2023-05-07 22:01:34.158 +05:30 [INF] Request finished HTTP/1.1 GET http://localhost:5208/Login/vendor/jquery/jquery.min.js - - - 404 0 - 0.9053ms
2023-05-07 22:01:34.204 +05:30 [INF] Request starting HTTP/1.1 GET http://localhost:5208/fonts/poppins/poppins-v5-latin-700.woff2 - -
2023-05-07 22:01:34.205 +05:30 [INF] Request finished HTTP/1.1 GET http://localhost:5208/fonts/poppins/poppins-v5-latin-700.woff2 - - - 404 0 - 1.2854ms
2023-05-07 22:01:34.209 +05:30 [INF] Request starting HTTP/1.1 GET http://localhost:5208/fonts/poppins/poppins-v5-latin-700.woff - -
2023-05-07 22:01:34.211 +05:30 [INF] Request finished HTTP/1.1 GET http://localhost:5208/fonts/poppins/poppins-v5-latin-700.woff - - - 404 0 - 1.2164ms
2023-05-07 22:01:34.215 +05:30 [INF] Request starting HTTP/1.1 GET http://localhost:5208/fonts/poppins/poppins-v5-latin-700.ttf - -
2023-05-07 22:01:34.216 +05:30 [INF] Request finished HTTP/1.1 GET http://localhost:5208/fonts/poppins/poppins-v5-latin-700.ttf - - - 404 0 - 1.3038ms
2023-05-07 22:01:35.985 +05:30 [INF] Request starting HTTP/1.1 GET http://localhost:5208/Account/ForgotPassword - -
2023-05-07 22:01:35.986 +05:30 [INF] Executing endpoint 'AccountController.ForgotPassword (LibraryManagementSystem)'
2023-05-07 22:01:35.990 +05:30 [INF] Route matched with {action = "ForgotPassword", controller = "Account"}. Executing controller action with signature Microsoft.AspNetCore.Mvc.IActionResult ForgotPassword() on controller AccountController (LibraryManagementSystem).
2023-05-07 22:01:36.000 +05:30 [INF] Executing ViewResult, running view ForgotPassword.
2023-05-07 22:01:36.020 +05:30 [INF] Executed ViewResult - view ForgotPassword executed in 20.8704ms.
2023-05-07 22:01:36.020 +05:30 [INF] Executed action AccountController.ForgotPassword (LibraryManagementSystem) in 28.8725ms
2023-05-07 22:01:36.020 +05:30 [INF] Executed endpoint 'AccountController.ForgotPassword (LibraryManagementSystem)'
2023-05-07 22:01:36.020 +05:30 [INF] Request finished HTTP/1.1 GET http://localhost:5208/Account/ForgotPassword - - - 200 - text/html;+charset=utf-8 35.4342ms
2023-05-07 22:01:40.272 +05:30 [INF] Request starting HTTP/1.1 POST http://localhost:5208/Account/ForgotPassword application/x-www-form-urlencoded 217
2023-05-07 22:01:40.274 +05:30 [INF] Executing endpoint 'AccountController.ForgotPassword (LibraryManagementSystem)'
2023-05-07 22:01:40.298 +05:30 [INF] Route matched with {action = "ForgotPassword", controller = "Account"}. Executing controller action with signature System.Threading.Tasks.Task`1[Microsoft.AspNetCore.Mvc.IActionResult] ForgotPassword(LibraryManagementSystem.Models.SignupViewModel) on controller AccountController (LibraryManagementSystem).
2023-05-07 22:01:40.339 +05:30 [INF] Start processing HTTP request POST http://localhost:5285/signup/forgotpassword
2023-05-07 22:01:40.341 +05:30 [INF] Sending HTTP request POST http://localhost:5285/signup/forgotpassword
2023-05-07 22:01:40.557 +05:30 [INF] Received HTTP response headers after 209.2325ms - 400
2023-05-07 22:01:40.559 +05:30 [INF] End processing HTTP request after 230.0589ms - 400
2023-05-07 22:01:40.576 +05:30 [INF] Executing ViewResult, running view ForgotPassword.
2023-05-07 22:01:40.580 +05:30 [INF] Executed ViewResult - view ForgotPassword executed in 4.1731ms.
2023-05-07 22:01:40.581 +05:30 [INF] Executed action AccountController.ForgotPassword (LibraryManagementSystem) in 282.5545ms
2023-05-07 22:01:40.582 +05:30 [INF] Executed endpoint 'AccountController.ForgotPassword (LibraryManagementSystem)'
2023-05-07 22:01:40.585 +05:30 [INF] Request finished HTTP/1.1 POST http://localhost:5208/Account/ForgotPassword application/x-www-form-urlencoded 217 - 200 - text/html;+charset=utf-8 312.7672ms
2023-05-07 22:05:25.097 +05:30 [INF] Application is shutting down...
2023-05-07 22:05:30.487 +05:30 [INF] User profile is available. Using 'C:\Users\Swedha M\AppData\Local\ASP.NET\DataProtection-Keys' as key repository and Windows DPAPI to encrypt keys at rest.
2023-05-07 22:05:30.570 +05:30 [INF] Now listening on: http://localhost:5208
2023-05-07 22:05:30.573 +05:30 [INF] Application started. Press Ctrl+C to shut down.
2023-05-07 22:05:30.575 +05:30 [INF] Hosting environment: Development
2023-05-07 22:05:30.575 +05:30 [INF] Content root path: C:\Users\Swedha M\Desktop\LibraryManagementSystem
2023-05-07 22:05:34.197 +05:30 [INF] Request starting HTTP/1.1 GET http://localhost:5208/ - -
2023-05-07 22:05:34.203 +05:30 [WRN] Failed to determine the https port for redirect.
2023-05-07 22:05:34.293 +05:30 [INF] Executing endpoint 'LibraryManagementSystem.Controllers.HomeController.Index (LibraryManagementSystem)'
2023-05-07 22:05:34.312 +05:30 [INF] Route matched with {action = "Index", controller = "Home"}. Executing controller action with signature Microsoft.AspNetCore.Mvc.IActionResult Index() on controller LibraryManagementSystem.Controllers.HomeController (LibraryManagementSystem).
2023-05-07 22:05:34.331 +05:30 [INF] Executing ViewResult, running view Index.
2023-05-07 22:05:34.421 +05:30 [INF] Executed ViewResult - view Index executed in 95.3505ms.
2023-05-07 22:05:34.423 +05:30 [INF] Executed action LibraryManagementSystem.Controllers.HomeController.Index (LibraryManagementSystem) in 110.1496ms
2023-05-07 22:05:34.423 +05:30 [INF] Executed endpoint 'LibraryManagementSystem.Controllers.HomeController.Index (LibraryManagementSystem)'
2023-05-07 22:05:34.432 +05:30 [INF] Request finished HTTP/1.1 GET http://localhost:5208/ - - - 200 - text/html;+charset=utf-8 237.0355ms
2023-05-07 22:05:36.138 +05:30 [INF] Request starting HTTP/1.1 GET http://localhost:5208/Home/LoginPage - -
2023-05-07 22:05:36.142 +05:30 [INF] Executing endpoint 'LibraryManagementSystem.Controllers.HomeController.LoginPage (LibraryManagementSystem)'
2023-05-07 22:05:36.146 +05:30 [INF] Route matched with {action = "LoginPage", controller = "Home"}. Executing controller action with signature Microsoft.AspNetCore.Mvc.IActionResult LoginPage() on controller LibraryManagementSystem.Controllers.HomeController (LibraryManagementSystem).
2023-05-07 22:05:36.148 +05:30 [INF] Executing ViewResult, running view LoginPage.
2023-05-07 22:05:36.155 +05:30 [INF] Executed ViewResult - view LoginPage executed in 8.0668ms.
2023-05-07 22:05:36.155 +05:30 [INF] Executed action LibraryManagementSystem.Controllers.HomeController.LoginPage (LibraryManagementSystem) in 8.862ms
2023-05-07 22:05:36.155 +05:30 [INF] Executed endpoint 'LibraryManagementSystem.Controllers.HomeController.LoginPage (LibraryManagementSystem)'
2023-05-07 22:05:36.155 +05:30 [INF] Request finished HTTP/1.1 GET http://localhost:5208/Home/LoginPage - - - 200 - text/html;+charset=utf-8 17.4602ms
2023-05-07 22:05:37.606 +05:30 [INF] Request starting HTTP/1.1 GET http://localhost:5208/Login/AdminLogin - -
2023-05-07 22:05:37.613 +05:30 [INF] Executing endpoint 'LibraryManagementSystem.Controllers.LoginController.AdminLogin (LibraryManagementSystem)'
2023-05-07 22:05:37.615 +05:30 [INF] Route matched with {action = "AdminLogin", controller = "Login"}. Executing controller action with signature Microsoft.AspNetCore.Mvc.IActionResult AdminLogin() on controller LibraryManagementSystem.Controllers.LoginController (LibraryManagementSystem).
2023-05-07 22:05:37.711 +05:30 [INF] Executing ViewResult, running view AdminLogin.
2023-05-07 22:05:37.733 +05:30 [INF] Executed ViewResult - view AdminLogin executed in 22.6513ms.
2023-05-07 22:05:37.733 +05:30 [INF] Executed action LibraryManagementSystem.Controllers.LoginController.AdminLogin (LibraryManagementSystem) in 117.7842ms
2023-05-07 22:05:37.733 +05:30 [INF] Executed endpoint 'LibraryManagementSystem.Controllers.LoginController.AdminLogin (LibraryManagementSystem)'
2023-05-07 22:05:37.735 +05:30 [INF] Request finished HTTP/1.1 GET http://localhost:5208/Login/AdminLogin - - - 200 - text/html;+charset=utf-8 129.2797ms
2023-05-07 22:05:37.742 +05:30 [INF] Request starting HTTP/1.1 GET http://localhost:5208/Login/fonts/material-icon/css/material-design-iconic-font.min.css - -
2023-05-07 22:05:37.742 +05:30 [INF] Request starting HTTP/1.1 GET http://localhost:5208/Login/css/style.css - -
2023-05-07 22:05:37.746 +05:30 [INF] Request finished HTTP/1.1 GET http://localhost:5208/Login/css/style.css - - - 404 0 - 4.2173ms
2023-05-07 22:05:37.746 +05:30 [INF] Request finished HTTP/1.1 GET http://localhost:5208/Login/fonts/material-icon/css/material-design-iconic-font.min.css - - - 404 0 - 4.2173ms
2023-05-07 22:05:37.750 +05:30 [INF] Request starting HTTP/1.1 GET http://localhost:5208/Login/js/main.js - -
2023-05-07 22:05:37.750 +05:30 [INF] Request starting HTTP/1.1 GET http://localhost:5208/Login/vendor/jquery/jquery.min.js - -
2023-05-07 22:05:37.751 +05:30 [INF] Request finished HTTP/1.1 GET http://localhost:5208/Login/js/main.js - - - 404 0 - 0.8664ms
2023-05-07 22:05:37.751 +05:30 [INF] Request finished HTTP/1.1 GET http://localhost:5208/Login/vendor/jquery/jquery.min.js - - - 404 0 - 0.8664ms
2023-05-07 22:05:37.785 +05:30 [INF] Request starting HTTP/1.1 GET http://localhost:5208/fonts/poppins/poppins-v5-latin-700.woff2 - -
2023-05-07 22:05:37.786 +05:30 [INF] Request finished HTTP/1.1 GET http://localhost:5208/fonts/poppins/poppins-v5-latin-700.woff2 - - - 404 0 - 0.8416ms
2023-05-07 22:05:37.797 +05:30 [INF] Request starting HTTP/1.1 GET http://localhost:5208/fonts/poppins/poppins-v5-latin-700.woff - -
2023-05-07 22:05:37.798 +05:30 [INF] Request finished HTTP/1.1 GET http://localhost:5208/fonts/poppins/poppins-v5-latin-700.woff - - - 404 0 - 0.9396ms
2023-05-07 22:05:37.803 +05:30 [INF] Request starting HTTP/1.1 GET http://localhost:5208/fonts/poppins/poppins-v5-latin-700.ttf - -
2023-05-07 22:05:37.804 +05:30 [INF] Request finished HTTP/1.1 GET http://localhost:5208/fonts/poppins/poppins-v5-latin-700.ttf - - - 404 0 - 1.0527ms
2023-05-07 22:05:39.753 +05:30 [INF] Request starting HTTP/1.1 GET http://localhost:5208/Account/ForgotPassword - -
2023-05-07 22:05:39.754 +05:30 [INF] Executing endpoint 'AccountController.ForgotPassword (LibraryManagementSystem)'
2023-05-07 22:05:39.755 +05:30 [INF] Route matched with {action = "ForgotPassword", controller = "Account"}. Executing controller action with signature Microsoft.AspNetCore.Mvc.IActionResult ForgotPassword() on controller AccountController (LibraryManagementSystem).
2023-05-07 22:05:39.763 +05:30 [INF] Executing ViewResult, running view ForgotPassword.
2023-05-07 22:05:39.770 +05:30 [INF] Executed ViewResult - view ForgotPassword executed in 7.7703ms.
2023-05-07 22:05:39.770 +05:30 [INF] Executed action AccountController.ForgotPassword (LibraryManagementSystem) in 14.9722ms
2023-05-07 22:05:39.770 +05:30 [INF] Executed endpoint 'AccountController.ForgotPassword (LibraryManagementSystem)'
2023-05-07 22:05:39.770 +05:30 [INF] Request finished HTTP/1.1 GET http://localhost:5208/Account/ForgotPassword - - - 200 - text/html;+charset=utf-8 17.2891ms
2023-05-07 22:05:44.707 +05:30 [INF] Request starting HTTP/1.1 POST http://localhost:5208/Account/ForgotPassword application/x-www-form-urlencoded 217
2023-05-07 22:05:44.709 +05:30 [INF] Executing endpoint 'AccountController.ForgotPassword (LibraryManagementSystem)'
2023-05-07 22:05:44.736 +05:30 [INF] Route matched with {action = "ForgotPassword", controller = "Account"}. Executing controller action with signature System.Threading.Tasks.Task`1[Microsoft.AspNetCore.Mvc.IActionResult] ForgotPassword(LibraryManagementSystem.Models.SignupViewModel) on controller AccountController (LibraryManagementSystem).
2023-05-07 22:05:44.769 +05:30 [INF] Start processing HTTP request POST http://localhost:5285/signup/forgotpassword
2023-05-07 22:05:44.770 +05:30 [INF] Sending HTTP request POST http://localhost:5285/signup/forgotpassword
2023-05-07 22:05:44.886 +05:30 [INF] Received HTTP response headers after 111.8803ms - 400
2023-05-07 22:05:44.887 +05:30 [INF] End processing HTTP request after 122.5741ms - 400
2023-05-07 22:05:44.894 +05:30 [INF] Executing ViewResult, running view ForgotPassword.
2023-05-07 22:05:44.896 +05:30 [INF] Executed ViewResult - view ForgotPassword executed in 2.6936ms.
2023-05-07 22:05:44.897 +05:30 [INF] Executed action AccountController.ForgotPassword (LibraryManagementSystem) in 160.8978ms
2023-05-07 22:05:44.898 +05:30 [INF] Executed endpoint 'AccountController.ForgotPassword (LibraryManagementSystem)'
2023-05-07 22:05:44.899 +05:30 [INF] Request finished HTTP/1.1 POST http://localhost:5208/Account/ForgotPassword application/x-www-form-urlencoded 217 - 200 - text/html;+charset=utf-8 192.7206ms
2023-05-07 22:30:56.728 +05:30 [INF] Application is shutting down...
2023-05-07 22:31:10.756 +05:30 [INF] User profile is available. Using 'C:\Users\Swedha M\AppData\Local\ASP.NET\DataProtection-Keys' as key repository and Windows DPAPI to encrypt keys at rest.
2023-05-07 22:31:10.894 +05:30 [INF] Now listening on: http://localhost:5208
2023-05-07 22:31:10.897 +05:30 [INF] Application started. Press Ctrl+C to shut down.
2023-05-07 22:31:10.898 +05:30 [INF] Hosting environment: Development
2023-05-07 22:31:10.898 +05:30 [INF] Content root path: C:\Users\Swedha M\Desktop\LibraryManagementSystem
2023-05-07 22:31:16.547 +05:30 [INF] Request starting HTTP/1.1 GET http://localhost:5208/ - -
2023-05-07 22:31:16.562 +05:30 [WRN] Failed to determine the https port for redirect.
2023-05-07 22:31:16.653 +05:30 [INF] Executing endpoint 'LibraryManagementSystem.Controllers.HomeController.Index (LibraryManagementSystem)'
2023-05-07 22:31:16.672 +05:30 [INF] Route matched with {action = "Index", controller = "Home"}. Executing controller action with signature Microsoft.AspNetCore.Mvc.IActionResult Index() on controller LibraryManagementSystem.Controllers.HomeController (LibraryManagementSystem).
2023-05-07 22:31:16.699 +05:30 [INF] Executing ViewResult, running view Index.
2023-05-07 22:31:16.802 +05:30 [INF] Executed ViewResult - view Index executed in 107.9611ms.
2023-05-07 22:31:16.804 +05:30 [INF] Executed action LibraryManagementSystem.Controllers.HomeController.Index (LibraryManagementSystem) in 131.5328ms
2023-05-07 22:31:16.804 +05:30 [INF] Executed endpoint 'LibraryManagementSystem.Controllers.HomeController.Index (LibraryManagementSystem)'
2023-05-07 22:31:16.810 +05:30 [INF] Request finished HTTP/1.1 GET http://localhost:5208/ - - - 200 - text/html;+charset=utf-8 455.8426ms
2023-05-07 22:31:20.134 +05:30 [INF] Request starting HTTP/1.1 GET http://localhost:5208/Home/LoginPage - -
2023-05-07 22:31:20.139 +05:30 [INF] Executing endpoint 'LibraryManagementSystem.Controllers.HomeController.LoginPage (LibraryManagementSystem)'
2023-05-07 22:31:20.142 +05:30 [INF] Route matched with {action = "LoginPage", controller = "Home"}. Executing controller action with signature Microsoft.AspNetCore.Mvc.IActionResult LoginPage() on controller LibraryManagementSystem.Controllers.HomeController (LibraryManagementSystem).
2023-05-07 22:31:20.143 +05:30 [INF] Executing ViewResult, running view LoginPage.
2023-05-07 22:31:20.158 +05:30 [INF] Executed ViewResult - view LoginPage executed in 15.8113ms.
2023-05-07 22:31:20.159 +05:30 [INF] Executed action LibraryManagementSystem.Controllers.HomeController.LoginPage (LibraryManagementSystem) in 17.0459ms
2023-05-07 22:31:20.159 +05:30 [INF] Executed endpoint 'LibraryManagementSystem.Controllers.HomeController.LoginPage (LibraryManagementSystem)'
2023-05-07 22:31:20.159 +05:30 [INF] Request finished HTTP/1.1 GET http://localhost:5208/Home/LoginPage - - - 200 - text/html;+charset=utf-8 25.8302ms
2023-05-07 22:31:22.083 +05:30 [INF] Request starting HTTP/1.1 GET http://localhost:5208/Login/AdminLogin - -
2023-05-07 22:31:22.095 +05:30 [INF] Executing endpoint 'LibraryManagementSystem.Controllers.LoginController.AdminLogin (LibraryManagementSystem)'
2023-05-07 22:31:22.097 +05:30 [INF] Route matched with {action = "AdminLogin", controller = "Login"}. Executing controller action with signature Microsoft.AspNetCore.Mvc.IActionResult AdminLogin() on controller LibraryManagementSystem.Controllers.LoginController (LibraryManagementSystem).
2023-05-07 22:31:22.369 +05:30 [INF] Executing ViewResult, running view AdminLogin.
2023-05-07 22:31:22.442 +05:30 [INF] Executed ViewResult - view AdminLogin executed in 74.7979ms.
2023-05-07 22:31:22.442 +05:30 [INF] Executed action LibraryManagementSystem.Controllers.LoginController.AdminLogin (LibraryManagementSystem) in 345.1594ms
2023-05-07 22:31:22.442 +05:30 [INF] Executed endpoint 'LibraryManagementSystem.Controllers.LoginController.AdminLogin (LibraryManagementSystem)'
2023-05-07 22:31:22.445 +05:30 [INF] Request finished HTTP/1.1 GET http://localhost:5208/Login/AdminLogin - - - 200 - text/html;+charset=utf-8 361.5010ms
2023-05-07 22:31:22.453 +05:30 [INF] Request starting HTTP/1.1 GET http://localhost:5208/Login/fonts/material-icon/css/material-design-iconic-font.min.css - -
2023-05-07 22:31:22.454 +05:30 [INF] Request starting HTTP/1.1 GET http://localhost:5208/Login/css/style.css - -
2023-05-07 22:31:22.458 +05:30 [INF] Request finished HTTP/1.1 GET http://localhost:5208/Login/css/style.css - - - 404 0 - 4.5553ms
2023-05-07 22:31:22.458 +05:30 [INF] Request finished HTTP/1.1 GET http://localhost:5208/Login/fonts/material-icon/css/material-design-iconic-font.min.css - - - 404 0 - 4.9666ms
2023-05-07 22:31:22.462 +05:30 [INF] Request starting HTTP/1.1 GET http://localhost:5208/Login/js/main.js - -
2023-05-07 22:31:22.462 +05:30 [INF] Request starting HTTP/1.1 GET http://localhost:5208/Login/vendor/jquery/jquery.min.js - -
2023-05-07 22:31:22.463 +05:30 [INF] Request finished HTTP/1.1 GET http://localhost:5208/Login/js/main.js - - - 404 0 - 1.3250ms
2023-05-07 22:31:22.463 +05:30 [INF] Request finished HTTP/1.1 GET http://localhost:5208/Login/vendor/jquery/jquery.min.js - - - 404 0 - 1.3496ms
2023-05-07 22:31:22.507 +05:30 [INF] Request starting HTTP/1.1 GET http://localhost:5208/fonts/poppins/poppins-v5-latin-700.woff2 - -
2023-05-07 22:31:22.508 +05:30 [INF] Request finished HTTP/1.1 GET http://localhost:5208/fonts/poppins/poppins-v5-latin-700.woff2 - - - 404 0 - 0.9565ms
2023-05-07 22:31:22.513 +05:30 [INF] Request starting HTTP/1.1 GET http://localhost:5208/fonts/poppins/poppins-v5-latin-700.woff - -
2023-05-07 22:31:22.515 +05:30 [INF] Request finished HTTP/1.1 GET http://localhost:5208/fonts/poppins/poppins-v5-latin-700.woff - - - 404 0 - 1.3618ms
2023-05-07 22:31:22.521 +05:30 [INF] Request starting HTTP/1.1 GET http://localhost:5208/fonts/poppins/poppins-v5-latin-700.ttf - -
2023-05-07 22:31:22.522 +05:30 [INF] Request finished HTTP/1.1 GET http://localhost:5208/fonts/poppins/poppins-v5-latin-700.ttf - - - 404 0 - 0.8470ms
2023-05-07 22:31:24.085 +05:30 [INF] Request starting HTTP/1.1 GET http://localhost:5208/Account/ForgotPassword - -
2023-05-07 22:31:24.086 +05:30 [INF] Executing endpoint 'AccountController.ForgotPassword (LibraryManagementSystem)'
2023-05-07 22:31:24.088 +05:30 [INF] Route matched with {action = "ForgotPassword", controller = "Account"}. Executing controller action with signature Microsoft.AspNetCore.Mvc.IActionResult ForgotPassword() on controller AccountController (LibraryManagementSystem).
2023-05-07 22:31:24.098 +05:30 [INF] Executing ViewResult, running view ForgotPassword.
2023-05-07 22:31:24.144 +05:30 [INF] Executed action AccountController.ForgotPassword (LibraryManagementSystem) in 56.2186ms
2023-05-07 22:31:24.146 +05:30 [INF] Executed endpoint 'AccountController.ForgotPassword (LibraryManagementSystem)'
2023-05-07 22:31:24.195 +05:30 [ERR] An unhandled exception has occurred while executing the request.
System.NullReferenceException: Object reference not set to an instance of an object.
   at AspNetCoreGeneratedDocument.Views_Account_ForgotPassword.<ExecuteAsync>b__16_0() in C:\Users\Swedha M\Desktop\LibraryManagementSystem\Views\Account\ForgotPassword.cshtml:line 21
   at Microsoft.AspNetCore.Razor.Runtime.TagHelpers.TagHelperExecutionContext.GetChildContentAsync(Boolean useCachedResult, HtmlEncoder encoder)
   at Microsoft.AspNetCore.Mvc.TagHelpers.RenderAtEndOfFormTagHelper.ProcessAsync(TagHelperContext context, TagHelperOutput output)
   at Microsoft.AspNetCore.Razor.Runtime.TagHelpers.TagHelperRunner.<RunAsync>g__Awaited|0_0(Task task, TagHelperExecutionContext executionContext, Int32 i, Int32 count)
   at AspNetCoreGeneratedDocument.Views_Account_ForgotPassword.ExecuteAsync() in C:\Users\Swedha M\Desktop\LibraryManagementSystem\Views\Account\ForgotPassword.cshtml:line 16
   at Microsoft.AspNetCore.Mvc.Razor.RazorView.RenderPageCoreAsync(IRazorPage page, ViewContext context)
   at Microsoft.AspNetCore.Mvc.Razor.RazorView.RenderPageAsync(IRazorPage page, ViewContext context, Boolean invokeViewStarts)
   at Microsoft.AspNetCore.Mvc.Razor.RazorView.RenderAsync(ViewContext context)
   at Microsoft.AspNetCore.Mvc.ViewFeatures.ViewExecutor.ExecuteAsync(ViewContext viewContext, String contentType, Nullable`1 statusCode)
   at Microsoft.AspNetCore.Mvc.ViewFeatures.ViewExecutor.ExecuteAsync(ViewContext viewContext, String contentType, Nullable`1 statusCode)
   at Microsoft.AspNetCore.Mvc.ViewFeatures.ViewExecutor.ExecuteAsync(ActionContext actionContext, IView view, ViewDataDictionary viewData, ITempDataDictionary tempData, String contentType, Nullable`1 statusCode)
   at Microsoft.AspNetCore.Mvc.ViewFeatures.ViewResultExecutor.ExecuteAsync(ActionContext context, ViewResult result)
   at Microsoft.AspNetCore.Mvc.ViewResult.ExecuteResultAsync(ActionContext context)
   at Microsoft.AspNetCore.Mvc.Infrastructure.ResourceInvoker.<InvokeNextResultFilterAsync>g__Awaited|30_0[TFilter,TFilterAsync](ResourceInvoker invoker, Task lastTask, State next, Scope scope, Object state, Boolean isCompleted)
   at Microsoft.AspNetCore.Mvc.Infrastructure.ResourceInvoker.Rethrow(ResultExecutedContextSealed context)
   at Microsoft.AspNetCore.Mvc.Infrastructure.ResourceInvoker.ResultNext[TFilter,TFilterAsync](State& next, Scope& scope, Object& state, Boolean& isCompleted)
   at Microsoft.AspNetCore.Mvc.Infrastructure.ResourceInvoker.InvokeResultFilters()
--- End of stack trace from previous location ---
   at Microsoft.AspNetCore.Mvc.Infrastructure.ResourceInvoker.<InvokeNextResourceFilter>g__Awaited|25_0(ResourceInvoker invoker, Task lastTask, State next, Scope scope, Object state, Boolean isCompleted)
   at Microsoft.AspNetCore.Mvc.Infrastructure.ResourceInvoker.Rethrow(ResourceExecutedContextSealed context)
   at Microsoft.AspNetCore.Mvc.Infrastructure.ResourceInvoker.Next(State& next, Scope& scope, Object& state, Boolean& isCompleted)
   at Microsoft.AspNetCore.Mvc.Infrastructure.ResourceInvoker.InvokeFilterPipelineAsync()
--- End of stack trace from previous location ---
   at Microsoft.AspNetCore.Mvc.Infrastructure.ResourceInvoker.<InvokeAsync>g__Logged|17_1(ResourceInvoker invoker)
   at Microsoft.AspNetCore.Mvc.Infrastructure.ResourceInvoker.<InvokeAsync>g__Logged|17_1(ResourceInvoker invoker)
   at Microsoft.AspNetCore.Routing.EndpointMiddleware.<Invoke>g__AwaitRequestTask|6_0(Endpoint endpoint, Task requestTask, ILogger logger)
   at Swashbuckle.AspNetCore.SwaggerUI.SwaggerUIMiddleware.Invoke(HttpContext httpContext)
   at Swashbuckle.AspNetCore.Swagger.SwaggerMiddleware.Invoke(HttpContext httpContext, ISwaggerProvider swaggerProvider)
   at Microsoft.AspNetCore.Authorization.AuthorizationMiddleware.Invoke(HttpContext context)
   at Microsoft.AspNetCore.Authentication.AuthenticationMiddleware.Invoke(HttpContext context)
   at Microsoft.AspNetCore.Session.SessionMiddleware.Invoke(HttpContext context)
   at Microsoft.AspNetCore.Session.SessionMiddleware.Invoke(HttpContext context)
   at Microsoft.AspNetCore.Diagnostics.DeveloperExceptionPageMiddlewareImpl.Invoke(HttpContext context)
2023-05-07 22:31:24.254 +05:30 [INF] Request finished HTTP/1.1 GET http://localhost:5208/Account/ForgotPassword - - - 500 - text/html;+charset=utf-8 168.5978ms
